-fc "_Directory"
(PID: 371008)[2023-03-16 22:37:26] script
(PID: 58
68)[2023-03-16 22:37:26] gitpod
(PID: )[2023-03-16 22:37:26] Count: 15
(PID: 370991
370992)[2023-03-16 22:37:26] Count: 22
(PID: 1327
370991
370992)[2023-03-16 22:37:26] Count: 28
(PID: 370991
370992)[2023-03-16 22:37:26] Count: 17
(PID: 370991
370992)[2023-03-16 22:37:26] Count: 26
(PID: 79
370991
370992)[2023-03-16 22:37:26] Count: 20
(PID: 58
68
79
370991
370992)[2023-03-16 22:37:26] Count: 3
(PID: 79
370991
370992)[2023-03-16 22:37:26] Count: 6
(PID: 370991
370992)[2023-03-16 22:37:26] Count: 7
(PID: 370991
370992)[2023-03-16 22:37:26] Count: 5
(PID: 370991
370992)[2023-03-16 22:37:26] Count: 5
(PID: 79
370991
370992)[2023-03-16 22:37:26] Count: 6
(PID: 79
1327
370991
370992
371006)[2023-03-16 22:37:26] Count: 1
(PID: 79
1327
370991
370992
371006)[2023-03-16 22:37:26] Count: 1
(PID: 79
1327
370991
370992
371006)[2023-03-16 22:37:26] Count: 1
(PID: 58
68
79
1327
165226
332439
370991
370992)[2023-03-16 22:37:26] Count: 2
(PID: 58
68
79
370991
370992)[2023-03-16 22:37:26] Count: 3
(PID: 58
68
79
1327
165226
332439
370991
370992)[2023-03-16 22:37:26] Count: 2
(PID: 79
1327
370991
370992
371006)[2023-03-16 22:37:26] Count: 1
(PID: 79
1327
370991
370992
371006)[2023-03-16 22:37:26] Count: 1
(PID: 79
1327
370991
370992
371006)[2023-03-16 22:37:26] Count: 1
(PID: 79
1327
370991
370992
371006)[2023-03-16 22:37:26] Count: 1
(PID: 58
68
79
1327
165226
332439
370991
370992)[2023-03-16 22:37:26] Count: 2
(PID: 79
1327
370991
370992
371006)[2023-03-16 22:37:26] Count: 1
(PID: 58
68
79
370991
370992)[2023-03-16 22:37:26] Count: 3
(PID: 79
1327
370991
370992
371006)[2023-03-16 22:37:26] Count: 1
(PID: 58
68
79
1327
165226
332439
370991
370992)[2023-03-16 22:37:26] Count: 2
(PID: 79
1327
370991
370992
371006)[2023-03-16 22:37:26] Count: 1
(PID: 79
1327
370991
370992
371006)[2023-03-16 22:37:26] Count: 1
(PID: 79
370991
370992)[2023-03-16 22:37:26] Count: 4
(PID: 79
1327
370991
370992
371006)[2023-03-16 22:37:26] Count: 1
(PID: 79
1327
370991
370992
371006)[2023-03-16 22:37:26] Count: 1
(PID: 79
1327
370991
370992
371006)[2023-03-16 22:37:26] Count: 1
(PID: 79
370991
370992)[2023-03-16 22:37:26] Count: 6
(PID: 370991
370992)[2023-03-16 22:37:26] Count: 7
(PID: 58
68
79
370991
370992)[2023-03-16 22:37:26] Count: 3
(PID: 79
370991
370992)[2023-03-16 22:37:26] Count: 4
(PID: 370991
370992)[2023-03-16 22:37:26] Count: 7
(PID: 370991
370992)[2023-03-16 22:37:26] Count: 5
(PID: 58
68
79
1327
165226
332439
370991
370992)[2023-03-16 22:37:26] Count: 2
(PID: 58
68
79
1327
165226
332439
370991
370992)[2023-03-16 22:37:26] Count: 2
(PID: 79
1327
370991
370992
371006)[2023-03-16 22:37:26] Count: 1
(PID: 58
68
79
1327
165226
332439
370991
370992)[2023-03-16 22:37:26] Count: 2
(PID: 79
1327
370991
370992
371006)[2023-03-16 22:37:26] Count: 1
(PID: 79
1327
370991
370992
371006)[2023-03-16 22:37:26] Count: 1
(PID: 58
68
79
1327
165226
332439
370991
370992)[2023-03-16 22:37:26] Count: 2
(PID: 58
68
79
1327
165226
332439
370991
370992)[2023-03-16 22:37:26] Count: 2
(PID: 79
1327
370991
370992
371006)[2023-03-16 22:37:26] Count: 1
(PID: 79
1327
370991
370992
371006)[2023-03-16 22:37:26] Count: 1
(PID: 79
1327
370991
370992
371006)[2023-03-16 22:37:26] Count: 1
(PID: 58
68
79
1327
165226
332439
370991
370992)[2023-03-16 22:37:26] Count: 2
(PID: 79
1327
370991
370992
371006)[2023-03-16 22:37:26] Count: 1
(PID: 79
1327
370991
370992
371006)[2023-03-16 22:37:26] Count: 1
(PID: 58
68
79
370991
370992)[2023-03-16 22:37:26] Count: 3
(PID: 79
1327
370991
370992
371006)[2023-03-16 22:37:26] Count: 1
(PID: 79
1327
370991
370992
371006)[2023-03-16 22:37:26] Count: 1
(PID: 58
68
79
1327
165226
332439
370991
370992)[2023-03-16 22:37:26] Count: 2
(PID: 79
1327
370991
370992
371006)[2023-03-16 22:37:26] Count: 1
(PID: 79
1327
370991
370992)[2023-03-16 22:37:26] Count: 1
(PID: 79
1327
370991
370992)[2023-03-16 22:37:26] Count: 1
(PID: 58
68
79
1327
165226
332439)[2023-03-16 22:37:26] Count: 2
(PID: 79
1327)[2023-03-16 22:37:26] Count: 1
(PID: 79)[2023-03-16 22:37:26] Count: 4
(PID: 1327)[2023-03-16 22:37:26] Count: 8
(PID: )[2023-03-16 22:37:26] Count: 7
(PID: 1327)[2023-03-16 22:37:26] Count: 8
(PID: 79)[2023-03-16 22:37:26] Count: 4
(PID: 79
1327)[2023-03-16 22:37:26] Count: 1
(PID: 58
68
79)[2023-03-16 22:37:26] Count: 3
(PID: 58
68
79
1327
165226
332439)[2023-03-16 22:37:26] Count: 2
(PID: 58
68
79
1327
165226
332439)[2023-03-16 22:37:26] Count: 2
(PID: 58
68
79)[2023-03-16 22:37:26] Count: 3
(PID: 58
68
79)[2023-03-16 22:37:26] Count: 3
(PID: 79
1327)[2023-03-16 22:37:26] Count: 1
(PID: 79
1327)[2023-03-16 22:37:26] Count: 1
(PID: 79
1327)[2023-03-16 22:37:26] Count: 1
(PID: 58
68
79
1327
165226
332439)[2023-03-16 22:37:26] Count: 2
(PID: 79
1327)[2023-03-16 22:37:26] Count: 1
(PID: 58
68
79
1327
165226
332439)[2023-03-16 22:37:26] Count: 2
(PID: 58
68
79
1327
165226
332439)[2023-03-16 22:37:26] Count: 2
(PID: 58
68
79)[2023-03-16 22:37:26] Count: 3
(PID: 79
1327)[2023-03-16 22:37:26] Count: 1
(PID: 58
68
79
372214
372215)[2023-03-16 22:37:26] Count: 3
(PID: 79
1327
372214
372215)[2023-03-16 22:37:26] Count: 1
(PID: 372214
372215)[2023-03-16 22:37:26] Count: 5
(PID: 372214
372215)[2023-03-16 22:37:26] Count: 5
(PID: 372214
372215)[2023-03-16 22:37:26] Count: 10
(PID: 79
1327
372214
372215
372251)[2023-03-16 22:37:26] Count: 1
(PID: 79
372214
372215)[2023-03-16 22:37:26] Count: 6
(PID: 372214
372215)[2023-03-16 22:37:26] Count: 5
(PID: 58
68
79
1327
165226
332439
372214
372215)[2023-03-16 22:37:26] Count: 2
(PID: 79
1327
372214
372215
372251)[2023-03-16 22:37:26] Count: 1
(PID: 58
68
79
1327
165226
332439
372214
372215)[2023-03-16 22:37:26] Count: 2
(PID: 79
1327
372214
372215
372251)[2023-03-16 22:37:26] Count: 1
(PID: 58
68
79
1327
165226
332439
372214
372215)[2023-03-16 22:37:26] Count: 2
(PID: 58
68
79
372214
372215)[2023-03-16 22:37:26] Count: 3
(PID: 79
1327
372214
372215
372251)[2023-03-16 22:37:26] Count: 1
(PID: 58
68
79
1327
165226
332439
372214
372215)[2023-03-16 22:37:26] Count: 2
(PID: 58
68
79
1327
165226
332439
372214
372215)[2023-03-16 22:37:26] Count: 2
(PID: 79
372214
372215)[2023-03-16 22:37:26] Count: 4
(PID: 79
372214
372215)[2023-03-16 22:37:26] Count: 4
(PID: 58
68
79
372214
372215)[2023-03-16 22:37:26] Count: 3
(PID: 79
1327
372214
372215
372251)[2023-03-16 22:37:26] Count: 1
(PID: 58
68
79
372214
372215)[2023-03-16 22:37:26] Count: 3
(PID: 79
1327
372214
372215
372251)[2023-03-16 22:37:26] Count: 1
(PID: 372214
372215)[2023-03-16 22:37:26] Count: 17
(PID: )[2023-03-16 22:37:26] Count: 29
(PID: 79)[2023-03-16 22:37:26] Count: 21
(PID: 372214
372215)[2023-03-16 22:37:26] Count: 26
(PID: 372214
372215)[2023-03-16 22:37:26] Count: 17
(PID: )[2023-03-16 22:37:26] Count: 18
(PID: 58
68
79
372214
372215)[2023-03-16 22:37:26] Count: 3
(PID: 1327
372214
372215)[2023-03-16 22:37:26] Count: 8
(PID: 79
372214
372215)[2023-03-16 22:37:26] Count: 6
(PID: 58
68
79
372214
372215)[2023-03-16 22:37:26] Count: 3
(PID: 79
372214
372215)[2023-03-16 22:37:26] Count: 6
(PID: 79
372214
372215)[2023-03-16 22:37:26] Count: 6
(PID: 79
1327
372214
372215
372251)[2023-03-16 22:37:26] Count: 1
(PID: 58
68
79
1327
165226
332439
372214
372215)[2023-03-16 22:37:26] Count: 2
(PID: 79
1327
372214
372215
372251)[2023-03-16 22:37:26] Count: 1
(PID: 58
68
79
1327
165226
332439
372214
372215)[2023-03-16 22:37:26] Count: 2
(PID: 58
68
79
1327
165226
332439
372214
372215)[2023-03-16 22:37:26] Count: 2
(PID: 58
68
79
1327
165226
332439
372214
372215)[2023-03-16 22:37:26] Count: 2
(PID: 58
68
79
1327
165226
332439
372214
372215)[2023-03-16 22:37:26] Count: 2
(PID: 79
1327
372214
372215
372251)[2023-03-16 22:37:26] Count: 1
(PID: 58
68
79
1327
165226
332439
372214
372215)[2023-03-16 22:37:26] Count: 2
(PID: 79
1327
372214
372215
372251)[2023-03-16 22:37:26] Count: 1
(PID: 58
68
79
1327
165226
332439
372214
372215)[2023-03-16 22:37:26] Count: 2
(PID: 79
1327
372214
372215
372251)[2023-03-16 22:37:26] Count: 1
(PID: 58
68
79
372214
372215)[2023-03-16 22:37:26] Count: 3
(PID: 58
68
79
1327
165226
332439
372214
372215)[2023-03-16 22:37:26] Count: 2
(PID: 58
68
79
372214
372215)[2023-03-16 22:37:26] Count: 3
(PID: 58
68
79
1327
165226
332439
372214
372215)[2023-03-16 22:37:26] Count: 2
(PID: 58
68
79
372214
372215)[2023-03-16 22:37:26] Count: 3
(PID: 372214
372215)[2023-03-16 22:37:26] Count: 5
(PID: 372214
372215)[2023-03-16 22:37:26] Count: 9
(PID: 79
372214
372215)[2023-03-16 22:37:26] Count: 6
(PID: 372214
372215)[2023-03-16 22:37:26] Count: 5
(PID: 372214
372215)[2023-03-16 22:37:26] Count: 5
(PID: 58
68
79
1327
165226
332439
372214
372215)[2023-03-16 22:37:26] Count: 2
(PID: 79
1327
372214
372215
372251)[2023-03-16 22:37:26] Count: 1
(PID: 79
372214
372215)[2023-03-16 22:37:26] Count: 4
(PID: 58
68
79
1327
165226
332439
372214
372215)[2023-03-16 22:37:26] Count: 2
(PID: 79
1327
372214
372215
372251)[2023-03-16 22:37:26] Count: 1
(PID: 58
68
79
372214
372215)[2023-03-16 22:37:26] Count: 3
(PID: 58
68
79
1327
165226
332439
372214
372215)[2023-03-16 22:37:26] Count: 2
(PID: 79
1327
372214
372215
372251)[2023-03-16 22:37:26] Count: 1
(PID: 79
1327
372214
372215
372251)[2023-03-16 22:37:26] Count: 1
(PID: 79
1327
372214
372215
372251)[2023-03-16 22:37:26] Count: 1
(PID: 79
1327
372214
372215
372251)[2023-03-16 22:37:26] Count: 1
(PID: 79
1327
372214
372215
372251)[2023-03-16 22:37:26] Count: 1
(PID: 58
68
79
1327
165226
332439
372214
372215)[2023-03-16 22:37:26] Count: 2
(PID: 58
68
79
372214
372215)[2023-03-16 22:37:26] Count: 3
(PID: 79
1327
372214
372215
372251)[2023-03-16 22:37:26] Count: 1
(PID: 79
1327
372214
372215
372251)[2023-03-16 22:37:26] Count: 1
(PID: 58
68
79
1327
165226
332439
372214
372215)[2023-03-16 22:37:26] Count: 2
(PID: 58
68
79
1327
165226
332439
372214
372215)[2023-03-16 22:37:26] Count: 2
(PID: 58
68
79
1327
165226
332439
372214
372215)[2023-03-16 22:37:26] Count: 2
(PID: 79
1327
372214
372215
372251)[2023-03-16 22:37:26] Count: 1
(PID: 58
68
79
1327
165226
332439
372214
372215)[2023-03-16 22:37:26] Count: 2
(PID: 1327
372214
372215)[2023-03-16 22:37:26] Count: 8
(PID: 79
372214
372215)[2023-03-16 22:37:26] Count: 4
(PID: 372214
372215)[2023-03-16 22:37:26] Count: 10
(PID: 58
68
79
1327
165226
332439
372214
372215)[2023-03-16 22:37:26] Count: 2
(PID: 79
372214
372215)[2023-03-16 22:37:26] Count: 6
(PID: 79
1327
372214
372215
372251)[2023-03-16 22:37:26] Count: 1
(PID: 58
68
79
1327
165226
332439
372214
372215)[2023-03-16 22:37:26] Count: 2
(PID: 79
1327
372214
372215)[2023-03-16 22:37:26] Count: 1
(PID: 79
1327
372214
372215)[2023-03-16 22:37:26] Count: 1
(PID: 58
68
79)[2023-03-16 22:37:26] Count: 3
(PID: 79
1327)[2023-03-16 22:37:26] Count: 1
(PID: 79)[2023-03-16 22:37:26] Count: 6
(PID: 79
1327)[2023-03-16 22:37:26] Count: 1
(PID: 79
1327)[2023-03-16 22:37:26] Count: 1
(PID: 58
68
79)[2023-03-16 22:37:26] Count: 3
(PID: 58
68
79
1327
165226
332439)[2023-03-16 22:37:26] Count: 2
(PID: 79
1327)[2023-03-16 22:37:26] Count: 1
(PID: 79
1327)[2023-03-16 22:37:26] Count: 1
(PID: 58
68
79
1327
165226
332439)[2023-03-16 22:37:26] Count: 2
(PID: 58
68
79
1327
165226
332439)[2023-03-16 22:37:26] Count: 2
(PID: 58
68
79)[2023-03-16 22:37:26] Count: 3
(PID: 79
1327)[2023-03-16 22:37:26] Count: 1
(PID: )[2023-03-16 22:37:26] Count: 7
(PID: 79)[2023-03-16 22:37:26] Count: 4
(PID: )[2023-03-16 22:37:26] Count: 5
(PID: 1327)[2023-03-16 22:37:26] Count: 8
(PID: 79)[2023-03-16 22:37:26] Count: 4
(PID: 79)[2023-03-16 22:37:26] Count: 4
(PID: 79
1327)[2023-03-16 22:37:26] Count: 1
(PID: 58
68
79
1327
165226
332439)[2023-03-16 22:37:26] Count: 2
(PID: 79
1327)[2023-03-16 22:37:26] Count: 1
(PID: 58
68
79
1327
165226
332439)[2023-03-16 22:37:26] Count: 2
(PID: 58
68
79
1327
165226
332439)[2023-03-16 22:37:26] Count: 2
(PID: 58
68
79
1327
165226
332439)[2023-03-16 22:37:26] Count: 2
(PID: 79
1327)[2023-03-16 22:37:26] Count: 1
(PID: 58
68
79)[2023-03-16 22:37:26] Count: 3
(PID: 58
68
79
1327
165226
332439)[2023-03-16 22:37:26] Count: 2
(PID: 79)[2023-03-16 22:37:26] Count: 4
(PID: 58
68
79
1327
165226
332439)[2023-03-16 22:37:26] Count: 2
(PID: 79
1327)[2023-03-16 22:37:26] Count: 1
(PID: 79
1327)[2023-03-16 22:37:26] Count: 1
(PID: 79
1327)[2023-03-16 22:37:26] Count: 1
(PID: 58
68
79)[2023-03-16 22:37:26] Count: 3
(PID: 58
68
79)[2023-03-16 22:37:26] Count: 3
(PID: 79
1327)[2023-03-16 22:37:26] Count: 1
(PID: )[2023-03-16 22:37:26] Count: 24
(PID: )[2023-03-16 22:37:26] Count: 18
(PID: 79)[2023-03-16 22:37:26] Count: 21
(PID: 58
68
79)[2023-03-16 22:37:26] Count: 23
(PID: 79)[2023-03-16 22:37:26] Count: 20
(PID: )[2023-03-16 22:37:26] Count: 22
(PID: 79)[2023-03-16 22:37:26] Count: 6
(PID: )[2023-03-16 22:37:26] Count: 5
(PID: 79)[2023-03-16 22:37:26] Count: 6
(PID: 1327)[2023-03-16 22:37:26] Count: 8
(PID: 58
68
79)[2023-03-16 22:37:26] Count: 3
(PID: 79)[2023-03-16 22:37:26] Count: 4
(PID: 58
68
79
1327
165226
332439)[2023-03-16 22:37:26] Count: 2
(PID: 79
1327)[2023-03-16 22:37:26] Count: 1
(PID: 58
68
79
1327
165226
332439)[2023-03-16 22:37:26] Count: 2
(PID: 79
1327)[2023-03-16 22:37:26] Count: 1
(PID: 58
68
79
1327
165226
332439)[2023-03-16 22:37:26] Count: 2
(PID: 79
1327)[2023-03-16 22:37:26] Count: 1
(PID: 58
68
79
1327
165226
332439)[2023-03-16 22:37:26] Count: 2
(PID: 79
1327)[2023-03-16 22:37:26] Count: 1
(PID: 58
68
79)[2023-03-16 22:37:26] Count: 3
(PID: 79
1327)[2023-03-16 22:37:26] Count: 1
(PID: 79
1327)[2023-03-16 22:37:26] Count: 1
(PID: 79
1327)[2023-03-16 22:37:26] Count: 1
(PID: 58
68
79
1327
165226
332439)[2023-03-16 22:37:26] Count: 2
(PID: 79
1327)[2023-03-16 22:37:26] Count: 1
(PID: 58
68
79
1327
165226
332439)[2023-03-16 22:37:26] Count: 2
(PID: 79
1327)[2023-03-16 22:37:26] Count: 1
(PID: 58
68
79
1327
165226
332439)[2023-03-16 22:37:26] Count: 2
(PID: 58
68
79
1327
165226
332439)[2023-03-16 22:37:26] Count: 2
(PID: 58
68
79
1327
165226
332439)[2023-03-16 22:37:26] Count: 2
(PID: 58
68
79
1327
165226
332439)[2023-03-16 22:37:26] Count: 2
(PID: 79)[2023-03-16 22:37:26] Count: 6
(PID: )[2023-03-16 22:37:26] Count: 5
(PID: )[2023-03-16 22:37:26] Count: 7
(PID: )[2023-03-16 22:37:26] Count: 5
(PID: 79)[2023-03-16 22:37:26] Count: 6
(PID: 58
68
79)[2023-03-16 22:37:26] Count: 3
(PID: 79
1327)[2023-03-16 22:37:26] Count: 1
(PID: 58
68
79
1327
165226
332439)[2023-03-16 22:37:26] Count: 2
(PID: 58
68
79
1327
165226
332439)[2023-03-16 22:37:26] Count: 2
(PID: 58
68
79
1327
165226
332439)[2023-03-16 22:37:26] Count: 2
(PID: 79
1327)[2023-03-16 22:37:26] Count: 1
(PID: 58
68
79)[2023-03-16 22:37:26] Count: 3
(PID: 79
1327)[2023-03-16 22:37:26] Count: 1
(PID: 58
68
79
1327
165226
332439)[2023-03-16 22:37:26] Count: 2
(PID: 79
1327)[2023-03-16 22:37:26] Count: 1
(PID: 79
1327)[2023-03-16 22:37:26] Count: 1
(PID: 58
68
79
1327
165226
332439)[2023-03-16 22:37:26] Count: 2
(PID: 79
1327)[2023-03-16 22:37:26] Count: 1
(PID: 58
68
79
1327
165226
332439)[2023-03-16 22:37:26] Count: 2
(PID: 79
1327)[2023-03-16 22:37:26] Count: 1
(PID: 58
68
79
1327
165226
332439)[2023-03-16 22:37:26] Count: 2
(PID: 58
68
79)[2023-03-16 22:37:26] Count: 3
(PID: 79
1327)[2023-03-16 22:37:26] Count: 1
(PID: 58
68
79
1327
165226
332439)[2023-03-16 22:37:26] Count: 2
(PID: 79
1327)[2023-03-16 22:37:26] Count: 1
(PID: 79
1327)[2023-03-16 22:37:26] Count: 1
(PID: )[2023-03-16 22:37:26] Count: 5
(PID: 79)[2023-03-16 22:37:26] Count: 4
(PID: 79)[2023-03-16 22:37:26] Count: 6
(PID: 79)[2023-03-16 22:37:26] Count: 4
(PID: 79)[2023-03-16 22:37:26] Count: 4
(PID: )[2023-03-16 22:37:26] Count: 9
(PID: 58
68
79
1327
165226
332439)[2023-03-16 22:37:26] Count: 2
(PID: 79
1327)[2023-03-16 22:37:26] Count: 1
(PID: 58
68
79
1327
165226
332439)[2023-03-16 22:37:26] Count: 2
(PID: 79
1327)[2023-03-16 22:37:26] Count: 1
(PID: 58
68
79
1327
165226
332439)[2023-03-16 22:37:26] Count: 2
(PID: 58
68
79)[2023-03-16 22:37:26] Count: 3
(PID: 79
1327)[2023-03-16 22:37:26] Count: 1
(PID: 58
68
79
1327
165226
332439)[2023-03-16 22:37:26] Count: 2
(PID: 58
68
79
1327
165226
332439)[2023-03-16 22:37:26] Count: 2
(PID: 58
68
79
1327
165226
332439)[2023-03-16 22:37:26] Count: 2
(PID: 79
1327)[2023-03-16 22:37:26] Count: 1
(PID: 79
1327)[2023-03-16 22:37:26] Count: 1
(PID: 79)[2023-03-16 22:37:26] Count: 4
(PID: 79
1327)[2023-03-16 22:37:26] Count: 1
(PID: 58
68
79
1327
165226
332439)[2023-03-16 22:37:26] Count: 2
(PID: 58
68
79)[2023-03-16 22:37:26] Count: 3
(PID: 79
1327)[2023-03-16 22:37:26] Count: 1
(PID: 79
1327)[2023-03-16 22:37:26] Count: 1
(PID: )[2023-03-16 22:37:26] Count: 7
(PID: 79)[2023-03-16 22:37:26] Count: 4
(PID: 58
68
79
1327
165226
332439)[2023-03-16 22:37:26] Count: 2
(PID: 79)[2023-03-16 22:37:26] Count: 6
(PID: )[2023-03-16 22:37:26] Count: 7
(PID: 79)[2023-03-16 22:37:26] Count: 6
(PID: 79)[2023-03-16 22:37:26] Count: 4
(PID: 79
1327)[2023-03-16 22:37:26] Count: 1
(PID: 58
68
79
1327
165226
332439)[2023-03-16 22:37:26] Count: 2
(PID: 79
1327)[2023-03-16 22:37:26] Count: 1
(PID: 79
1327)[2023-03-16 22:37:26] Count: 1
(PID: 79
1327)[2023-03-16 22:37:26] Count: 1
(PID: 58
68
79
1327
165226
332439)[2023-03-16 22:37:26] Count: 2
(PID: 79
1327)[2023-03-16 22:37:26] Count: 1
(PID: 58
68
79)[2023-03-16 22:37:26] Count: 3
(PID: 79
1327)[2023-03-16 22:37:26] Count: 1
(PID: 79
1327)[2023-03-16 22:37:26] Count: 1
(PID: 58
68
79
1327
165226
332439)[2023-03-16 22:37:26] Count: 2
(PID: 79)[2023-03-16 22:37:26] Count: 4
(PID: 79
1327)[2023-03-16 22:37:26] Count: 1
(PID: 58
68
79
1327
165226
332439)[2023-03-16 22:37:26] Count: 2
(PID: 58
68
79
1327
165226
332439)[2023-03-16 22:37:26] Count: 2
(PID: 79
1327)[2023-03-16 22:37:26] Count: 1
(PID: 58
68
79
1327
165226
332439)[2023-03-16 22:37:26] Count: 2
(PID: )[2023-03-16 22:37:26] Count: 15
(PID: )[2023-03-16 22:37:26] Count: 19
(PID: )[2023-03-16 22:37:26] Count: 19
(PID: )[2023-03-16 22:37:26] Count: 25
(PID: )[2023-03-16 22:37:26] Count: 17
(PID: 79)[2023-03-16 22:37:26] Count: 21
(PID: )[2023-03-16 22:37:26] Count: 5
(PID: 1327)[2023-03-16 22:37:26] Count: 8
(PID: 79)[2023-03-16 22:37:26] Count: 4
(PID: )[2023-03-16 22:37:26] Count: 5
(PID: 79)[2023-03-16 22:37:26] Count: 6
(PID: 79)[2023-03-16 22:37:26] Count: 4
(PID: 58
68
79
1327
165226
332439)[2023-03-16 22:37:26] Count: 2
(PID: 79
1327)[2023-03-16 22:37:26] Count: 1
(PID: 79
1327)[2023-03-16 22:37:26] Count: 1
(PID: 58
68
79)[2023-03-16 22:37:26] Count: 3
(PID: 79
1327)[2023-03-16 22:37:26] Count: 1
(PID: 79
1327)[2023-03-16 22:37:26] Count: 1
(PID: 79
1327)[2023-03-16 22:37:26] Count: 1
(PID: 58
68
79
1327
165226
332439)[2023-03-16 22:37:26] Count: 2
(PID: 58
68
79)[2023-03-16 22:37:26] Count: 3
(PID: 79
1327)[2023-03-16 22:37:26] Count: 1
(PID: 58
68
79
1327
165226
332439)[2023-03-16 22:37:26] Count: 2
(PID: 58
68
79
1327
165226
332439)[2023-03-16 22:37:26] Count: 2
(PID: 58
68
79
1327
165226
332439)[2023-03-16 22:37:26] Count: 2
(PID: 58
68
79
1327
165226
332439)[2023-03-16 22:37:26] Count: 2
(PID: 79
1327)[2023-03-16 22:37:26] Count: 1
(PID: 79)[2023-03-16 22:37:26] Count: 4
(PID: 58
68
79
1327
165226
332439)[2023-03-16 22:37:26] Count: 2
(PID: 79
1327)[2023-03-16 22:37:26] Count: 1
(PID: 79)[2023-03-16 22:37:26] Count: 4
(PID: )[2023-03-16 22:37:26] Count: 5
(PID: 79)[2023-03-16 22:37:26] Count: 4
(PID: )[2023-03-16 22:37:26] Count: 7
(PID: )[2023-03-16 22:37:26] Count: 5
(PID: )[2023-03-16 22:37:26] Count: 7
(PID: 79
1327)[2023-03-16 22:37:26] Count: 1
(PID: 58
68
79
1327
165226
332439)[2023-03-16 22:37:26] Count: 2
(PID: 79
1327)[2023-03-16 22:37:26] Count: 1
(PID: 79)[2023-03-16 22:37:26] Count: 4
(PID: 79
1327)[2023-03-16 22:37:26] Count: 1
(PID: 58
68
79
1327
165226
332439)[2023-03-16 22:37:26] Count: 2
(PID: 58
68
79)[2023-03-16 22:37:26] Count: 3
(PID: 58
68
79
1327
165226
332439)[2023-03-16 22:37:26] Count: 2
(PID: 58
68
79)[2023-03-16 22:37:26] Count: 3
(PID: 79
1327)[2023-03-16 22:37:26] Count: 1
(PID: 79
1327)[2023-03-16 22:37:26] Count: 1
(PID: 79
1327)[2023-03-16 22:37:26] Count: 1
(PID: 58
68
79
1327
165226
332439)[2023-03-16 22:37:26] Count: 2
(PID: 79
1327)[2023-03-16 22:37:26] Count: 1
(PID: 58
68
79
1327
165226
332439)[2023-03-16 22:37:26] Count: 2
(PID: 58
68
79
1327
165226
332439)[2023-03-16 22:37:26] Count: 2
(PID: 58
68
79
1327
165226
332439)[2023-03-16 22:37:26] Count: 2
(PID: 79
1327)[2023-03-16 22:37:26] Count: 1
(PID: 58
68
79
1327
165226
332439)[2023-03-16 22:37:26] Count: 2
(PID: 79)[2023-03-16 22:37:26] Count: 4
(PID: )[2023-03-16 22:37:26] Count: 10
(PID: 1327)[2023-03-16 22:37:26] Count: 8
(PID: 58
68
79
1327
165226
332439)[2023-03-16 22:37:26] Count: 2
(PID: 79)[2023-03-16 22:37:26] Count: 6
(PID: 79
1327)[2023-03-16 22:37:26] Count: 1
(PID: 79
1327)[2023-03-16 22:37:26] Count: 1
(PID: 58
68
79)[2023-03-16 22:37:26] Count: 3
(PID: 58
68
79)[2023-03-16 22:37:26] Count: 3
(PID: 58
68
79)[2023-03-16 22:37:26] Count: 3
(PID: 58
68
79)[2023-03-16 22:37:26] Count: 3
(PID: 58
68
79
1327
165226
332439)[2023-03-16 22:37:26] Count: 2
(PID: 79
1327)[2023-03-16 22:37:26] Count: 1
(PID: 79
1327)[2023-03-16 22:37:26] Count: 1
(PID: 58
68
79)[2023-03-16 22:37:26] Count: 3
(PID: 79
1327)[2023-03-16 22:37:26] Count: 1
(PID: 58
68
79
1327
165226
332439)[2023-03-16 22:37:26] Count: 2
(PID: 58
68
79
1327
165226
332439)[2023-03-16 22:37:26] Count: 2
(PID: 79
1327)[2023-03-16 22:37:26] Count: 1
(PID: 79
1327)[2023-03-16 22:37:26] Count: 1
(PID: 58
68
79
1327
165226
332439)[2023-03-16 22:37:26] Count: 2
(PID: 58
68
79
1327
165226
332439)[2023-03-16 22:37:26] Count: 2
(PID: 79)[2023-03-16 22:37:26] Count: 4
(PID: 58
68
79
1327
165226
332439)[2023-03-16 22:37:26] Count: 2
(PID: 79
1327)[2023-03-16 22:37:26] Count: 1
(PID: )[2023-03-16 22:37:26] Count: 5
(PID: 79)[2023-03-16 22:37:26] Count: 4
(PID: 79)[2023-03-16 22:37:26] Count: 4
(PID: 58
68
79
376811
376812)[2023-03-16 22:37:26] Count: 3
(PID: 79
1327
376811
376812
376843)[2023-03-16 22:37:26] Count: 1
(PID: 58
68
79
1327
165226
332439
376811
376812)[2023-03-16 22:37:26] Count: 2
(PID: 79
1327
376811
376812
376843)[2023-03-16 22:37:26] Count: 1
(PID: 79
1327
376811
376812
376843)[2023-03-16 22:37:26] Count: 1
(PID: 79
1327
376811
376812
376843)[2023-03-16 22:37:26] Count: 1
(PID: 58
68
79
376811
376812)[2023-03-16 22:37:26] Count: 3
(PID: 79
1327
376811
376812
376843)[2023-03-16 22:37:26] Count: 1
(PID: 58
68
79
376811
376812)[2023-03-16 22:37:26] Count: 3
(PID: 79
1327
376811
376812
376843)[2023-03-16 22:37:26] Count: 1
(PID: 79
1327
376811
376812
376843)[2023-03-16 22:37:26] Count: 1
(PID: 58
68
79
1327
165226
332439
376811
376812)[2023-03-16 22:37:26] Count: 2
(PID: )[2023-03-16 22:37:30] Count: 15
(PID: 376811
376812)[2023-03-16 22:37:30] Count: 22
(PID: 1327
376811
376812)[2023-03-16 22:37:30] Count: 28
(PID: 376811
376812)[2023-03-16 22:37:30] Count: 17
(PID: 376811
376812)[2023-03-16 22:37:30] Count: 26
(PID: 79
376811
376812)[2023-03-16 22:37:30] Count: 20
(PID: 58
68
79
376811
376812)[2023-03-16 22:37:30] Count: 3
(PID: 79
376811
376812)[2023-03-16 22:37:30] Count: 6
(PID: 376811
376812)[2023-03-16 22:37:30] Count: 7
(PID: 376811
376812)[2023-03-16 22:37:30] Count: 5
(PID: 376811
376812)[2023-03-16 22:37:30] Count: 5
(PID: 79
376811
376812)[2023-03-16 22:37:30] Count: 6
(PID: 79
1327
376811
376812
376843)[2023-03-16 22:37:30] Count: 1
(PID: 79
1327
376811
376812
376843)[2023-03-16 22:37:30] Count: 1
(PID: 79
1327
376811
376812
376843)[2023-03-16 22:37:30] Count: 1
(PID: 58
68
79
1327
165226
332439
376811
376812)[2023-03-16 22:37:30] Count: 2
(PID: 58
68
79
376811
376812)[2023-03-16 22:37:30] Count: 3
(PID: 58
68
79
1327
165226
332439
376811
376812)[2023-03-16 22:37:30] Count: 2
(PID: 79
1327
376811
376812
376843)[2023-03-16 22:37:30] Count: 1
(PID: 79
1327
376811
376812
376843)[2023-03-16 22:37:30] Count: 1
(PID: 79
1327
376811
376812
376843)[2023-03-16 22:37:30] Count: 1
(PID: 79
1327
376811
376812
376843)[2023-03-16 22:37:30] Count: 1
(PID: 58
68
79
1327
165226
332439
376811
376812)[2023-03-16 22:37:30] Count: 2
(PID: 79
1327
376811
376812
376843)[2023-03-16 22:37:30] Count: 1
(PID: 58
68
79
376811
376812)[2023-03-16 22:37:30] Count: 3
(PID: 79
1327
376811
376812
376843)[2023-03-16 22:37:30] Count: 1
(PID: 58
68
79
1327
165226
332439
376811
376812)[2023-03-16 22:37:30] Count: 2
(PID: 79
1327
376811
376812
376843)[2023-03-16 22:37:30] Count: 1
(PID: 79
1327
376811
376812
376843)[2023-03-16 22:37:30] Count: 1
(PID: 79
376811
376812)[2023-03-16 22:37:30] Count: 4
(PID: 79
1327
376811
376812
376843)[2023-03-16 22:37:30] Count: 1
(PID: 79
1327
376811
376812
376843)[2023-03-16 22:37:30] Count: 1
(PID: 79
1327
376811
376812
376843)[2023-03-16 22:37:30] Count: 1
(PID: 79
376811
376812)[2023-03-16 22:37:30] Count: 6
(PID: 376811
376812)[2023-03-16 22:37:30] Count: 7
(PID: 58
68
79
376811
376812)[2023-03-16 22:37:30] Count: 3
(PID: 79
376811
376812)[2023-03-16 22:37:30] Count: 4
(PID: 376811
376812)[2023-03-16 22:37:30] Count: 7
(PID: 376811
376812)[2023-03-16 22:37:30] Count: 5
(PID: 58
68
79
1327
165226
332439
376811
376812)[2023-03-16 22:37:30] Count: 2
(PID: 58
68
79
1327
165226
332439
376811
376812)[2023-03-16 22:37:30] Count: 2
(PID: 79
1327
376811
376812
376843)[2023-03-16 22:37:30] Count: 1
(PID: 58
68
79
1327
165226
332439
376811
376812)[2023-03-16 22:37:30] Count: 2
(PID: 79
1327
376811
376812
376843)[2023-03-16 22:37:30] Count: 1
(PID: 79
1327
376811
376812
376843)[2023-03-16 22:37:30] Count: 1
(PID: 58
68
79
1327
165226
332439
376811
376812)[2023-03-16 22:37:30] Count: 2
(PID: 58
68
79
1327
165226
332439
376811
376812)[2023-03-16 22:37:30] Count: 2
(PID: 79
1327
376811
376812
376843)[2023-03-16 22:37:30] Count: 1
(PID: 79
1327
376811
376812
376843)[2023-03-16 22:37:30] Count: 1
(PID: 79
1327
376811
376812
376843)[2023-03-16 22:37:30] Count: 1
(PID: 58
68
79
1327
165226
332439
376811
376812)[2023-03-16 22:37:30] Count: 2
(PID: 79
1327
376811
376812
376843)[2023-03-16 22:37:30] Count: 1
(PID: 79
1327
376811
376812
376843)[2023-03-16 22:37:30] Count: 1
(PID: 58
68
79
376811
376812)[2023-03-16 22:37:30] Count: 3
(PID: 79
1327
376811
376812
376843)[2023-03-16 22:37:30] Count: 1
(PID: 79
1327
376811
376812
376843)[2023-03-16 22:37:30] Count: 1
(PID: 58
68
79
1327
165226
332439
376811
376812)[2023-03-16 22:37:30] Count: 2
(PID: 79
1327
376811
376812
376843)[2023-03-16 22:37:30] Count: 1
(PID: 79
1327
376811
376812
376843)[2023-03-16 22:37:30] Count: 1
(PID: 79
1327
376811
376812
376843)[2023-03-16 22:37:30] Count: 1
(PID: 58
68
79
1327
165226
332439
376811
376812)[2023-03-16 22:37:30] Count: 2
(PID: 79
1327
376811
376812
376843)[2023-03-16 22:37:30] Count: 1
(PID: 79
376811
376812)[2023-03-16 22:37:30] Count: 4
(PID: 1327
376811
376812)[2023-03-16 22:37:30] Count: 8
(PID: 376811
376812)[2023-03-16 22:37:30] Count: 7
(PID: 1327
376811
376812)[2023-03-16 22:37:30] Count: 8
(PID: 79
376811
376812)[2023-03-16 22:37:30] Count: 4
(PID: 79
1327
376811
376812
376843)[2023-03-16 22:37:30] Count: 1
(PID: 58
68
79
376811
376812)[2023-03-16 22:37:30] Count: 3
(PID: 58
68
79
1327
165226
332439
376811
376812)[2023-03-16 22:37:30] Count: 2
(PID: 58
68
79
1327
165226
332439
376811
376812)[2023-03-16 22:37:30] Count: 2
(PID: 58
68
79
376811
376812)[2023-03-16 22:37:30] Count: 3
(PID: 58
68
79
376811
376812)[2023-03-16 22:37:30] Count: 3
(PID: 79
1327
376811
376812
376843)[2023-03-16 22:37:30] Count: 1
(PID: 79
1327
376811
376812
376843)[2023-03-16 22:37:30] Count: 1
(PID: 79
1327
376811
376812
378122)[2023-03-16 22:37:30] Count: 1
(PID: 58
68
79
1327
165226
332439
376811
376812)[2023-03-16 22:37:30] Count: 2
(PID: 79
1327)[2023-03-16 22:37:30] Count: 1
(PID: 58
68
79
1327
165226
332439)[2023-03-16 22:37:30] Count: 2
(PID: 58
68
79
1327
165226
332439)[2023-03-16 22:37:30] Count: 2
(PID: 58
68
79)[2023-03-16 22:37:30] Count: 3
(PID: 79
1327)[2023-03-16 22:37:30] Count: 1
(PID: 58
68
79)[2023-03-16 22:37:30] Count: 3
(PID: 79
1327)[2023-03-16 22:37:30] Count: 1
(PID: )[2023-03-16 22:37:30] Count: 5
(PID: )[2023-03-16 22:37:30] Count: 5
(PID: )[2023-03-16 22:37:30] Count: 10
(PID: 79
1327)[2023-03-16 22:37:30] Count: 1
(PID: 79)[2023-03-16 22:37:30] Count: 6
(PID: )[2023-03-16 22:37:30] Count: 5
(PID: 58
68
79
1327
165226
332439)[2023-03-16 22:37:30] Count: 2
(PID: 79
1327)[2023-03-16 22:37:30] Count: 1
(PID: 58
68
79
1327
165226
332439)[2023-03-16 22:37:30] Count: 2
(PID: 79
1327)[2023-03-16 22:37:30] Count: 1
(PID: 58
68
79
1327
165226
332439)[2023-03-16 22:37:30] Count: 2
(PID: 58
68
79)[2023-03-16 22:37:30] Count: 3
(PID: 79
1327)[2023-03-16 22:37:30] Count: 1
(PID: 58
68
79
1327
165226
332439)[2023-03-16 22:37:30] Count: 2
(PID: 58
68
79
1327
165226
332439)[2023-03-16 22:37:30] Count: 2
(PID: 79)[2023-03-16 22:37:30] Count: 4
(PID: 79)[2023-03-16 22:37:30] Count: 4
(PID: 58
68
79)[2023-03-16 22:37:30] Count: 3
(PID: 79
1327)[2023-03-16 22:37:30] Count: 1
(PID: 58
68
79)[2023-03-16 22:37:30] Count: 3
(PID: 79
1327)[2023-03-16 22:37:30] Count: 1
(PID: )[2023-03-16 22:37:30] Count: 17
(PID: )[2023-03-16 22:37:30] Count: 29
(PID: 79)[2023-03-16 22:37:30] Count: 21
(PID: )[2023-03-16 22:37:30] Count: 26
(PID: )[2023-03-16 22:37:30] Count: 17
(PID: )[2023-03-16 22:37:30] Count: 18
(PID: 58
68
79)[2023-03-16 22:37:30] Count: 3
(PID: 1327)[2023-03-16 22:37:30] Count: 8
(PID: 79)[2023-03-16 22:37:30] Count: 6
(PID: 58
68
79)[2023-03-16 22:37:30] Count: 3
(PID: 79)[2023-03-16 22:37:30] Count: 6
(PID: 79)[2023-03-16 22:37:30] Count: 6
(PID: 79
1327)[2023-03-16 22:37:30] Count: 1
(PID: 58
68
79
1327
165226
332439)[2023-03-16 22:37:30] Count: 2
(PID: 79
1327)[2023-03-16 22:37:30] Count: 1
(PID: 58
68
79
1327
165226
332439)[2023-03-16 22:37:30] Count: 2
(PID: 58
68
79
1327
165226
332439)[2023-03-16 22:37:30] Count: 2
(PID: 58
68
79
1327
165226
332439)[2023-03-16 22:37:30] Count: 2
(PID: 58
68
79
1327
165226
332439)[2023-03-16 22:37:30] Count: 2
(PID: 79
1327)[2023-03-16 22:37:30] Count: 1
(PID: 58
68
79
1327
165226
332439)[2023-03-16 22:37:30] Count: 2
(PID: 79
1327)[2023-03-16 22:37:30] Count: 1
(PID: 58
68
79
1327
165226
332439)[2023-03-16 22:37:30] Count: 2
(PID: 79
1327)[2023-03-16 22:37:30] Count: 1
(PID: 58
68
79)[2023-03-16 22:37:30] Count: 3
(PID: 58
68
79
1327
165226
332439)[2023-03-16 22:37:30] Count: 2
(PID: 58
68
79)[2023-03-16 22:37:30] Count: 3
(PID: 58
68
79
1327
165226
332439)[2023-03-16 22:37:30] Count: 2
(PID: 58
68
79)[2023-03-16 22:37:30] Count: 3
(PID: )[2023-03-16 22:37:30] Count: 5
(PID: )[2023-03-16 22:37:30] Count: 9
(PID: 79)[2023-03-16 22:37:30] Count: 6
(PID: )[2023-03-16 22:37:30] Count: 5
(PID: )[2023-03-16 22:37:30] Count: 5
(PID: 58
68
79
1327
165226
332439)[2023-03-16 22:37:30] Count: 2
(PID: 79
1327)[2023-03-16 22:37:30] Count: 1
(PID: 79)[2023-03-16 22:37:30] Count: 4
(PID: 58
68
79
1327
165226
332439)[2023-03-16 22:37:30] Count: 2
(PID: 79
1327)[2023-03-16 22:37:30] Count: 1
(PID: 58
68
79)[2023-03-16 22:37:30] Count: 3
(PID: 58
68
79
1327
165226
332439)[2023-03-16 22:37:30] Count: 2
(PID: 79
1327)[2023-03-16 22:37:30] Count: 1
(PID: 79
1327)[2023-03-16 22:37:30] Count: 1
(PID: 79
1327)[2023-03-16 22:37:30] Count: 1
(PID: 79
1327)[2023-03-16 22:37:30] Count: 1
(PID: 79
1327)[2023-03-16 22:37:30] Count: 1
(PID: 58
68
79
1327
165226
332439)[2023-03-16 22:37:30] Count: 2
(PID: 58
68
79)[2023-03-16 22:37:30] Count: 3
(PID: 79
1327)[2023-03-16 22:37:30] Count: 1
(PID: 79
1327)[2023-03-16 22:37:30] Count: 1
(PID: 58
68
79
1327
165226
332439)[2023-03-16 22:37:30] Count: 2
(PID: 58
68
79
1327
165226
332439)[2023-03-16 22:37:30] Count: 2
(PID: 58
68
79
1327
165226
332439)[2023-03-16 22:37:30] Count: 2
(PID: 79
1327)[2023-03-16 22:37:30] Count: 1
(PID: 58
68
79
1327
165226
332439)[2023-03-16 22:37:30] Count: 2
(PID: 1327)[2023-03-16 22:37:30] Count: 8
(PID: 79)[2023-03-16 22:37:30] Count: 4
(PID: )[2023-03-16 22:37:30] Count: 10
(PID: 58
68
79
1327
165226
332439)[2023-03-16 22:37:30] Count: 2
(PID: 79)[2023-03-16 22:37:30] Count: 6
(PID: 79
1327)[2023-03-16 22:37:30] Count: 1
(PID: 58
68
79
1327
165226
332439)[2023-03-16 22:37:30] Count: 2
(PID: 79
1327)[2023-03-16 22:37:30] Count: 1
(PID: 79
1327)[2023-03-16 22:37:30] Count: 1
(PID: 58
68
79)[2023-03-16 22:37:30] Count: 3
(PID: 79
1327)[2023-03-16 22:37:30] Count: 1
(PID: 79)[2023-03-16 22:37:30] Count: 6
(PID: 79
1327)[2023-03-16 22:37:30] Count: 1
(PID: 79
1327)[2023-03-16 22:37:30] Count: 1
(PID: 58
68
79)[2023-03-16 22:37:30] Count: 3
(PID: 58
68
79
1327
165226
332439)[2023-03-16 22:37:30] Count: 2
(PID: 79
1327)[2023-03-16 22:37:30] Count: 1
(PID: 79
1327)[2023-03-16 22:37:30] Count: 1
(PID: 58
68
79
1327
165226
332439)[2023-03-16 22:37:30] Count: 2
(PID: 58
68
79
1327
165226
332439)[2023-03-16 22:37:30] Count: 2
(PID: 58
68
79)[2023-03-16 22:37:30] Count: 3
(PID: 79
1327)[2023-03-16 22:37:30] Count: 1
(PID: )[2023-03-16 22:37:30] Count: 7
(PID: 79)[2023-03-16 22:37:30] Count: 4
(PID: )[2023-03-16 22:37:30] Count: 5
(PID: 1327)[2023-03-16 22:37:30] Count: 8
(PID: 79)[2023-03-16 22:37:30] Count: 4
(PID: 79)[2023-03-16 22:37:30] Count: 4
(PID: 79
1327)[2023-03-16 22:37:30] Count: 1
(PID: 58
68
79
1327
165226
332439)[2023-03-16 22:37:30] Count: 2
(PID: 79
1327)[2023-03-16 22:37:30] Count: 1
(PID: 58
68
79
1327
165226
332439)[2023-03-16 22:37:30] Count: 2
(PID: 58
68
79
1327
165226
332439)[2023-03-16 22:37:30] Count: 2
(PID: 58
68
79
1327
165226
332439)[2023-03-16 22:37:30] Count: 2
(PID: 79
1327)[2023-03-16 22:37:30] Count: 1
(PID: 58
68
79)[2023-03-16 22:37:30] Count: 3
(PID: 58
68
79
1327
165226
332439)[2023-03-16 22:37:30] Count: 2
(PID: 79)[2023-03-16 22:37:30] Count: 4
(PID: 58
68
79
1327
165226
332439)[2023-03-16 22:37:30] Count: 2
(PID: 79
1327)[2023-03-16 22:37:30] Count: 1
(PID: 79
1327)[2023-03-16 22:37:30] Count: 1
(PID: 79
1327)[2023-03-16 22:37:30] Count: 1
(PID: 58
68
79)[2023-03-16 22:37:30] Count: 3
(PID: 58
68
79)[2023-03-16 22:37:30] Count: 3
(PID: 79
1327)[2023-03-16 22:37:30] Count: 1
(PID: )[2023-03-16 22:37:30] Count: 24
(PID: )[2023-03-16 22:37:30] Count: 18
(PID: 79)[2023-03-16 22:37:30] Count: 21
(PID: 58
68
79)[2023-03-16 22:37:30] Count: 23
(PID: 79)[2023-03-16 22:37:30] Count: 20
(PID: )[2023-03-16 22:37:30] Count: 22
(PID: 79)[2023-03-16 22:37:30] Count: 6
(PID: )[2023-03-16 22:37:30] Count: 5
(PID: 79)[2023-03-16 22:37:30] Count: 6
(PID: 1327)[2023-03-16 22:37:30] Count: 8
(PID: 58
68
79)[2023-03-16 22:37:30] Count: 3
(PID: 79)[2023-03-16 22:37:30] Count: 4
(PID: 58
68
79
1327
165226
332439)[2023-03-16 22:37:30] Count: 2
(PID: 79
1327)[2023-03-16 22:37:30] Count: 1
(PID: 58
68
79
1327
165226
332439)[2023-03-16 22:37:30] Count: 2
(PID: 79
1327)[2023-03-16 22:37:30] Count: 1
(PID: 58
68
79
1327
165226
332439)[2023-03-16 22:37:30] Count: 2
(PID: 79
1327)[2023-03-16 22:37:30] Count: 1
(PID: 58
68
79
1327
165226
332439)[2023-03-16 22:37:30] Count: 2
(PID: 79
1327)[2023-03-16 22:37:30] Count: 1
(PID: 58
68
79)[2023-03-16 22:37:30] Count: 3
(PID: 79
1327)[2023-03-16 22:37:30] Count: 1
(PID: 79
1327)[2023-03-16 22:37:30] Count: 1
(PID: 79
1327)[2023-03-16 22:37:30] Count: 1
(PID: 58
68
79
1327
165226
332439)[2023-03-16 22:37:30] Count: 2
(PID: 79
1327)[2023-03-16 22:37:30] Count: 1
(PID: 58
68
79
1327
165226
332439)[2023-03-16 22:37:30] Count: 2
(PID: 79
1327)[2023-03-16 22:37:30] Count: 1
(PID: 58
68
79
1327
165226
332439)[2023-03-16 22:37:30] Count: 2
(PID: 58
68
79
1327
165226
332439)[2023-03-16 22:37:30] Count: 2
(PID: 58
68
79
1327
165226
332439)[2023-03-16 22:37:30] Count: 2
(PID: 58
68
79
1327
165226
332439)[2023-03-16 22:37:30] Count: 2
(PID: 79)[2023-03-16 22:37:30] Count: 6
(PID: )[2023-03-16 22:37:30] Count: 5
(PID: )[2023-03-16 22:37:30] Count: 7
(PID: )[2023-03-16 22:37:30] Count: 5
(PID: 79)[2023-03-16 22:37:30] Count: 6
(PID: 58
68
79)[2023-03-16 22:37:30] Count: 3
(PID: 79
1327)[2023-03-16 22:37:30] Count: 1
(PID: 58
68
79
1327
165226
332439)[2023-03-16 22:37:30] Count: 2
(PID: 58
68
79
1327
165226
332439)[2023-03-16 22:37:30] Count: 2
(PID: 58
68
79
1327
165226
332439)[2023-03-16 22:37:30] Count: 2
(PID: 79
1327)[2023-03-16 22:37:30] Count: 1
(PID: 58
68
79)[2023-03-16 22:37:30] Count: 3
(PID: 79
1327)[2023-03-16 22:37:30] Count: 1
(PID: 58
68
79
1327
165226
332439)[2023-03-16 22:37:30] Count: 2
(PID: 79
1327)[2023-03-16 22:37:30] Count: 1
(PID: 79
1327)[2023-03-16 22:37:30] Count: 1
(PID: 58
68
79
1327
165226
332439)[2023-03-16 22:37:30] Count: 2
(PID: 79
1327)[2023-03-16 22:37:30] Count: 1
(PID: 58
68
79
1327
165226
332439)[2023-03-16 22:37:30] Count: 2
(PID: 79
1327)[2023-03-16 22:37:30] Count: 1
(PID: 58
68
79
1327
165226
332439)[2023-03-16 22:37:30] Count: 2
(PID: 58
68
79)[2023-03-16 22:37:30] Count: 3
(PID: 79
1327)[2023-03-16 22:37:30] Count: 1
(PID: 58
68
79
1327
165226
332439)[2023-03-16 22:37:30] Count: 2
(PID: 79
1327)[2023-03-16 22:37:30] Count: 1
(PID: 79
1327)[2023-03-16 22:37:30] Count: 1
(PID: )[2023-03-16 22:37:30] Count: 5
(PID: 79)[2023-03-16 22:37:30] Count: 4
(PID: 79)[2023-03-16 22:37:30] Count: 6
(PID: 79)[2023-03-16 22:37:30] Count: 4
(PID: 79)[2023-03-16 22:37:30] Count: 4
(PID: )[2023-03-16 22:37:30] Count: 9
(PID: 58
68
79
1327
165226
332439)[2023-03-16 22:37:30] Count: 2
(PID: 79
1327)[2023-03-16 22:37:30] Count: 1
(PID: 58
68
79
1327
165226
332439)[2023-03-16 22:37:30] Count: 2
(PID: 79
1327)[2023-03-16 22:37:30] Count: 1
(PID: 58
68
79
1327
165226
332439)[2023-03-16 22:37:30] Count: 2
(PID: 58
68
79)[2023-03-16 22:37:30] Count: 3
(PID: 79
1327)[2023-03-16 22:37:30] Count: 1
(PID: 58
68
79
1327
165226
332439)[2023-03-16 22:37:30] Count: 2
(PID: 58
68
79
1327
165226
332439)[2023-03-16 22:37:30] Count: 2
(PID: 58
68
79
1327
165226
332439)[2023-03-16 22:37:30] Count: 2
(PID: 79
1327)[2023-03-16 22:37:30] Count: 1
(PID: 79
1327)[2023-03-16 22:37:30] Count: 1
(PID: 79)[2023-03-16 22:37:30] Count: 4
(PID: 79
1327)[2023-03-16 22:37:30] Count: 1
(PID: 58
68
79
1327
165226
332439)[2023-03-16 22:37:30] Count: 2
(PID: 58
68
79)[2023-03-16 22:37:30] Count: 3
(PID: 79
1327)[2023-03-16 22:37:30] Count: 1
(PID: 79
1327)[2023-03-16 22:37:30] Count: 1
(PID: )[2023-03-16 22:37:30] Count: 7
(PID: 79)[2023-03-16 22:37:30] Count: 4
(PID: 58
68
79
1327
165226
332439)[2023-03-16 22:37:30] Count: 2
(PID: 79)[2023-03-16 22:37:30] Count: 6
(PID: )[2023-03-16 22:37:30] Count: 7
(PID: 79)[2023-03-16 22:37:30] Count: 6
(PID: 79)[2023-03-16 22:37:30] Count: 4
(PID: 79
1327)[2023-03-16 22:37:30] Count: 1
(PID: 58
68
79
1327
165226
332439)[2023-03-16 22:37:30] Count: 2
(PID: 79
1327)[2023-03-16 22:37:30] Count: 1
(PID: 79
1327)[2023-03-16 22:37:30] Count: 1
(PID: 79
1327)[2023-03-16 22:37:30] Count: 1
(PID: 58
68
79
1327
165226
332439)[2023-03-16 22:37:30] Count: 2
(PID: 79
1327)[2023-03-16 22:37:30] Count: 1
(PID: 58
68
79)[2023-03-16 22:37:30] Count: 3
(PID: 79
1327)[2023-03-16 22:37:30] Count: 1
(PID: 79
1327)[2023-03-16 22:37:30] Count: 1
(PID: 58
68
79
1327
165226
332439)[2023-03-16 22:37:30] Count: 2
(PID: 79)[2023-03-16 22:37:30] Count: 4
(PID: 79
1327)[2023-03-16 22:37:30] Count: 1
(PID: 58
68
79
1327
165226
332439)[2023-03-16 22:37:30] Count: 2
(PID: 58
68
79
1327
165226
332439)[2023-03-16 22:37:30] Count: 2
(PID: 79
1327)[2023-03-16 22:37:30] Count: 1
(PID: 58
68
79
1327
165226
332439)[2023-03-16 22:37:30] Count: 2
(PID: )[2023-03-16 22:37:30] Count: 15
(PID: )[2023-03-16 22:37:30] Count: 19
(PID: )[2023-03-16 22:37:30] Count: 19
(PID: )[2023-03-16 22:37:30] Count: 25
(PID: )[2023-03-16 22:37:30] Count: 17
(PID: 79)[2023-03-16 22:37:30] Count: 21
(PID: )[2023-03-16 22:37:30] Count: 5
(PID: 1327)[2023-03-16 22:37:30] Count: 8
(PID: 79)[2023-03-16 22:37:30] Count: 4
(PID: )[2023-03-16 22:37:30] Count: 5
(PID: 79)[2023-03-16 22:37:30] Count: 6
(PID: 79)[2023-03-16 22:37:30] Count: 4
(PID: 58
68
79
1327
165226
332439)[2023-03-16 22:37:30] Count: 2
(PID: 79
1327)[2023-03-16 22:37:30] Count: 1
(PID: 79
1327)[2023-03-16 22:37:30] Count: 1
(PID: 58
68
79)[2023-03-16 22:37:30] Count: 3
(PID: 79
1327)[2023-03-16 22:37:30] Count: 1
(PID: 79
1327)[2023-03-16 22:37:30] Count: 1
(PID: 79
1327)[2023-03-16 22:37:30] Count: 1
(PID: 58
68
79
1327
165226
332439)[2023-03-16 22:37:30] Count: 2
(PID: 58
68
79)[2023-03-16 22:37:30] Count: 3
(PID: 79
1327)[2023-03-16 22:37:30] Count: 1
(PID: 58
68
79
1327
165226
332439)[2023-03-16 22:37:30] Count: 2
(PID: 58
68
79
1327
165226
332439)[2023-03-16 22:37:30] Count: 2
(PID: 58
68
79
1327
165226
332439)[2023-03-16 22:37:30] Count: 2
(PID: 58
68
79
1327
165226
332439)[2023-03-16 22:37:30] Count: 2
(PID: 79
1327)[2023-03-16 22:37:30] Count: 1
(PID: 79)[2023-03-16 22:37:30] Count: 4
(PID: 58
68
79
1327
165226
332439)[2023-03-16 22:37:30] Count: 2
(PID: 79
1327)[2023-03-16 22:37:30] Count: 1
(PID: 79)[2023-03-16 22:37:30] Count: 4
(PID: )[2023-03-16 22:37:30] Count: 5
(PID: 79)[2023-03-16 22:37:30] Count: 4
(PID: )[2023-03-16 22:37:30] Count: 7
(PID: )[2023-03-16 22:37:30] Count: 5
(PID: )[2023-03-16 22:37:30] Count: 7
(PID: 79
1327)[2023-03-16 22:37:30] Count: 1
(PID: 58
68
79
1327
165226
332439)[2023-03-16 22:37:30] Count: 2
(PID: 79
1327)[2023-03-16 22:37:30] Count: 1
(PID: 79)[2023-03-16 22:37:30] Count: 4
(PID: 79
1327)[2023-03-16 22:37:30] Count: 1
(PID: 58
68
79
1327
165226
332439)[2023-03-16 22:37:30] Count: 2
(PID: 58
68
79)[2023-03-16 22:37:30] Count: 3
(PID: 58
68
79
1327
165226
332439)[2023-03-16 22:37:30] Count: 2
(PID: 58
68
79)[2023-03-16 22:37:30] Count: 3
(PID: 79
1327)[2023-03-16 22:37:30] Count: 1
(PID: 79
1327)[2023-03-16 22:37:30] Count: 1
(PID: 79
1327)[2023-03-16 22:37:30] Count: 1
(PID: 58
68
79
1327
165226
332439)[2023-03-16 22:37:30] Count: 2
(PID: 79
1327)[2023-03-16 22:37:30] Count: 1
(PID: 58
68
79
1327
165226
332439)[2023-03-16 22:37:30] Count: 2
(PID: 58
68
79
1327
165226
332439)[2023-03-16 22:37:30] Count: 2
(PID: 58
68
79
1327
165226
332439)[2023-03-16 22:37:30] Count: 2
(PID: 79
1327)[2023-03-16 22:37:30] Count: 1
(PID: 58
68
79
1327
165226
332439)[2023-03-16 22:37:30] Count: 2
(PID: 79)[2023-03-16 22:37:30] Count: 4
(PID: )[2023-03-16 22:37:30] Count: 10
(PID: 1327)[2023-03-16 22:37:30] Count: 8
(PID: 58
68
79
1327
165226
332439)[2023-03-16 22:37:30] Count: 2
(PID: 79)[2023-03-16 22:37:30] Count: 6
(PID: 79
1327)[2023-03-16 22:37:30] Count: 1
(PID: 79
1327)[2023-03-16 22:37:30] Count: 1
(PID: 58
68
79)[2023-03-16 22:37:30] Count: 3
(PID: 58
68
79)[2023-03-16 22:37:30] Count: 3
(PID: 58
68
79)[2023-03-16 22:37:30] Count: 3
(PID: 58
68
79)[2023-03-16 22:37:30] Count: 3
(PID: 58
68
79
1327
165226
332439)[2023-03-16 22:37:30] Count: 2
(PID: 79
1327)[2023-03-16 22:37:30] Count: 1
(PID: 79
1327)[2023-03-16 22:37:30] Count: 1
(PID: 58
68
79)[2023-03-16 22:37:30] Count: 3
(PID: 79
1327)[2023-03-16 22:37:30] Count: 1
(PID: 58
68
79
1327
165226
332439)[2023-03-16 22:37:30] Count: 2
(PID: 58
68
79
1327
165226
332439)[2023-03-16 22:37:30] Count: 2
(PID: 79
1327)[2023-03-16 22:37:30] Count: 1
(PID: 79
1327)[2023-03-16 22:37:30] Count: 1
(PID: 58
68
79
1327
165226
332439)[2023-03-16 22:37:30] Count: 2
(PID: 58
68
79
1327
165226
332439)[2023-03-16 22:37:30] Count: 2
(PID: 79)[2023-03-16 22:37:30] Count: 4
(PID: 58
68
79
1327
165226
332439)[2023-03-16 22:37:30] Count: 2
(PID: 79
1327)[2023-03-16 22:37:30] Count: 1
(PID: )[2023-03-16 22:37:30] Count: 5
(PID: 79)[2023-03-16 22:37:30] Count: 4
(PID: 79)[2023-03-16 22:37:30] Count: 4
(PID: 58
68
79)[2023-03-16 22:37:30] Count: 3
(PID: 79
1327)[2023-03-16 22:37:30] Count: 1
(PID: 58
68
79
1327
165226
332439)[2023-03-16 22:37:30] Count: 2
(PID: 79
1327)[2023-03-16 22:37:30] Count: 1
(PID: 79
1327)[2023-03-16 22:37:30] Count: 1
(PID: 79
1327)[2023-03-16 22:37:30] Count: 1
(PID: 58
68
79)[2023-03-16 22:37:30] Count: 3
(PID: 79
1327)[2023-03-16 22:37:30] Count: 1
(PID: 58
68
79)[2023-03-16 22:37:30] Count: 3
(PID: 79
1327)[2023-03-16 22:37:30] Count: 1
(PID: 79
1327)[2023-03-16 22:37:30] Count: 1
(PID: 58
68
79
1327
165226
332439)[2023-03-16 22:37:30] Count: 2
-v4
(PID: 383149)[2023-03-16 22:44:24] script
(PID: 58
68)[2023-03-16 22:44:24] gitpod
-v4
(PID: 383271)[2023-03-16 22:44:31] script
(PID: 58
68)[2023-03-16 22:44:31] gitpod
-v5 -n "secert"
(PID: 383345)[2023-03-16 22:44:40] script
(PID: 58
68)[2023-03-16 22:44:40] gitpod
-v5 -n "secerts"
(PID: 383443)[2023-03-16 22:44:45] script
(PID: 58
68)[2023-03-16 22:44:45] gitpod
-v5 -n "secert"
(PID: 383591)[2023-03-16 22:44:54] script
(PID: 58
68)[2023-03-16 22:44:54] gitpod
